[23:44:44] [main/WARN]: Missing version information!
[23:44:45] [Datafixer Bootstrap/INFO]: 287 Datafixer optimizations took 659 milliseconds
[23:44:51] [main/WARN]: Invalid UUID: '0
[23:44:51] [Render thread/ERROR]: Can't open the resource index file: ..\data\assets\indexes\1.21.json
[23:44:51] [Render thread/ERROR]: File /assets/.mcassetsroot does not exist in classpath
[23:44:51] [Render thread/ERROR]: File /data/.mcassetsroot does not exist in classpath
[23:44:51] [Render thread/INFO]: Environment: Environment[sessionHost=https://sessionserver.mojang.com, servicesHost=https://api.minecraftservices.com, profilesHost=https://api.mojang.com, name=PROD]
[23:44:51] [Render thread/INFO]: Setting user: Dev
[23:44:52] [Render thread/INFO]: Backend library: LWJGL version 3.3.3+5
[23:44:52] [Render thread/WARN]: Detected unexpected shutdown during last game startup: resetting fullscreen mode
[23:44:52] [Render thread/ERROR]: Couldn't set icon
java.io.FileNotFoundException: icons/icon_16x16.png
	at com.mojang.blaze3d.platform.IconSet.getFile(IconSet.java:42)
	at com.mojang.blaze3d.platform.IconSet.getStandardIcons(IconSet.java:26)
	at com.mojang.blaze3d.platform.Window.setIcon(Window.java:157)
	at net.minecraft.client.Minecraft.<init>(Minecraft.java:481)
	at net.minecraft.client.main.Main.main(Main.java:208)
[23:44:52] [Download-2/ERROR]: Failed to fetch user properties
com.mojang.authlib.exceptions.InvalidCredentialsException: Status: 401
	at com.mojang.authlib.exceptions.MinecraftClientHttpException.toAuthenticationException(MinecraftClientHttpException.java:59)
	at com.mojang.authlib.yggdrasil.YggdrasilUserApiService.fetchProperties(YggdrasilUserApiService.java:150)
	at net.minecraft.client.Minecraft.lambda$new$1(Minecraft.java:427)
	at java.base/java.util.concurrent.CompletableFuture$AsyncSupply.run(CompletableFuture.java:1768)
	at java.base/java.util.concurrent.ThreadPoolExecutor.runWorker(ThreadPoolExecutor.java:1144)
	at java.base/java.util.concurrent.ThreadPoolExecutor$Worker.run(ThreadPoolExecutor.java:642)
	at java.base/java.lang.Thread.run(Thread.java:1583)
Caused by: com.mojang.authlib.exceptions.MinecraftClientHttpException: Status: 401
	at com.mojang.authlib.minecraft.client.MinecraftClient.readInputStream(MinecraftClient.java:103)
	at com.mojang.authlib.minecraft.client.MinecraftClient.get(MinecraftClient.java:56)
	at com.mojang.authlib.yggdrasil.YggdrasilUserApiService.fetchProperties(YggdrasilUserApiService.java:121)
	... 5 more
[23:44:53] [Render thread/INFO]: Using optional rendering extensions: GL_ARB_buffer_storage, GL_KHR_debug, GL_ARB_vertex_attrib_binding, GL_ARB_direct_state_access, GL_EXT_texture_filter_anisotropic
[23:44:53] [Render thread/ERROR]: Coudln't preload VERTEX shader minecraft:core/gui: java.io.FileNotFoundException: minecraft:shaders/core/gui.vsh
[23:44:53] [Render thread/ERROR]: Couldn't find source for VERTEX shader (minecraft:core/gui)
[23:44:53] [Render thread/ERROR]: Coudln't preload FRAGMENT shader minecraft:core/gui: java.io.FileNotFoundException: minecraft:shaders/core/gui.fsh
[23:44:53] [Render thread/ERROR]: Couldn't find source for FRAGMENT shader (minecraft:core/gui)
[23:44:53] [Render thread/ERROR]: Couldn't compile pipeline minecraft:pipeline/gui: vertex shader minecraft:core/gui was invalid
[23:44:53] [Render thread/ERROR]: Coudln't preload VERTEX shader minecraft:core/position_tex_color: java.io.FileNotFoundException: minecraft:shaders/core/position_tex_color.vsh
[23:44:53] [Render thread/ERROR]: Couldn't find source for VERTEX shader (minecraft:core/position_tex_color)
[23:44:53] [Render thread/ERROR]: Coudln't preload FRAGMENT shader minecraft:core/position_tex_color: java.io.FileNotFoundException: minecraft:shaders/core/position_tex_color.fsh
[23:44:53] [Render thread/ERROR]: Couldn't find source for FRAGMENT shader (minecraft:core/position_tex_color)
[23:44:53] [Render thread/ERROR]: Couldn't compile pipeline minecraft:pipeline/gui_textured: vertex shader minecraft:core/position_tex_color was invalid
[23:44:53] [Render thread/WARN]: Missing resource minecraft:textures/gui/title/mojangstudios.png referenced from minecraft:textures/gui/title/mojangstudios.png
[23:44:53] [Render thread/INFO]: Reloading ResourceManager: vanilla
[23:44:53] [Worker-Main-1/WARN]: Missing resource minecraft:textures/gui/title/background/panorama referenced from minecraft:textures/gui/title/background/panorama
[23:44:53] [Worker-Main-2/WARN]: Missing resource minecraft:textures/gui/title/background/panorama_overlay.png referenced from minecraft:textures/gui/title/background/panorama_overlay.png
[23:44:53] [Worker-Main-1/WARN]: Missing resource minecraft:textures/gui/title/mojangstudios.png referenced from minecraft:textures/gui/title/mojangstudios.png
[23:44:53] [Worker-Main-3/WARN]: Missing resource minecraft:textures/gui/title/edition.png referenced from minecraft:textures/gui/title/edition.png
[23:44:53] [Worker-Main-2/WARN]: Missing resource minecraft:textures/gui/title/minecraft.png referenced from minecraft:textures/gui/title/minecraft.png
[23:44:53] [Worker-Main-6/WARN]: Failed to load GPU warnlist
java.io.FileNotFoundException: minecraft:gpu_warnlist.json
	at net.minecraft.server.packs.resources.ResourceProvider.lambda$getResourceOrThrow$1(ResourceProvider.java:18)
	at java.base/java.util.Optional.orElseThrow(Optional.java:403)
	at net.minecraft.server.packs.resources.ResourceProvider.getResourceOrThrow(ResourceProvider.java:18)
	at net.minecraft.server.packs.resources.ResourceProvider.openAsReader(ResourceProvider.java:26)
	at net.minecraft.client.renderer.GpuWarnlistManager.parseJson(GpuWarnlistManager.java:109)
	at net.minecraft.client.renderer.GpuWarnlistManager.prepare(GpuWarnlistManager.java:84)
	at net.minecraft.client.renderer.GpuWarnlistManager.prepare(GpuWarnlistManager.java:29)
	at net.minecraft.server.packs.resources.SimplePreparableReloadListener.lambda$reload$0(SimplePreparableReloadListener.java:14)
	at java.base/java.util.concurrent.CompletableFuture$AsyncSupply.run(CompletableFuture.java:1768)
	at net.minecraft.server.packs.resources.SimpleReloadInstance.lambda$prepareTasks$0(SimpleReloadInstance.java:64)
	at java.base/java.util.concurrent.ForkJoinTask$RunnableExecuteAction.exec(ForkJoinTask.java:1423)
	at java.base/java.util.concurrent.ForkJoinTask.doExec(ForkJoinTask.java:387)
	at java.base/java.util.concurrent.ForkJoinPool$WorkQueue.topLevelExec(ForkJoinPool.java:1310)
	at java.base/java.util.concurrent.ForkJoinPool.scan(ForkJoinPool.java:1841)
	at java.base/java.util.concurrent.ForkJoinPool.runWorker(ForkJoinPool.java:1806)
	at java.base/java.util.concurrent.ForkJoinWorkerThread.run(ForkJoinWorkerThread.java:188)
[23:44:53] [Worker-Main-4/ERROR]: Failed to load cloud texture
java.io.FileNotFoundException: minecraft:textures/environment/clouds.png
	at net.minecraft.server.packs.resources.ResourceProvider.lambda$getResourceOrThrow$1(ResourceProvider.java:18)
	at java.base/java.util.Optional.orElseThrow(Optional.java:403)
	at net.minecraft.server.packs.resources.ResourceProvider.getResourceOrThrow(ResourceProvider.java:18)
	at net.minecraft.server.packs.resources.ResourceProvider.open(ResourceProvider.java:22)
	at net.minecraft.client.renderer.CloudRenderer.prepare(CloudRenderer.java:69)
	at net.minecraft.client.renderer.CloudRenderer.prepare(CloudRenderer.java:39)
	at net.minecraft.server.packs.resources.SimplePreparableReloadListener.lambda$reload$0(SimplePreparableReloadListener.java:14)
	at java.base/java.util.concurrent.CompletableFuture$AsyncSupply.run(CompletableFuture.java:1768)
	at net.minecraft.server.packs.resources.SimpleReloadInstance.lambda$prepareTasks$0(SimpleReloadInstance.java:64)
	at java.base/java.util.concurrent.ForkJoinTask$RunnableExecuteAction.exec(ForkJoinTask.java:1423)
	at java.base/java.util.concurrent.ForkJoinTask.doExec(ForkJoinTask.java:387)
	at java.base/java.util.concurrent.ForkJoinPool$WorkQueue.topLevelExec(ForkJoinPool.java:1310)
	at java.base/java.util.concurrent.ForkJoinPool.scan(ForkJoinPool.java:1841)
	at java.base/java.util.concurrent.ForkJoinPool.runWorker(ForkJoinPool.java:1806)
	at java.base/java.util.concurrent.ForkJoinWorkerThread.run(ForkJoinWorkerThread.java:188)
[23:44:53] [Worker-Main-2/WARN]: Failed to load minecraft:regional_compliancies.json
java.io.FileNotFoundException: minecraft:regional_compliancies.json
	at net.minecraft.server.packs.resources.ResourceProvider.lambda$getResourceOrThrow$1(ResourceProvider.java:18)
	at java.base/java.util.Optional.orElseThrow(Optional.java:403)
	at net.minecraft.server.packs.resources.ResourceProvider.getResourceOrThrow(ResourceProvider.java:18)
	at net.minecraft.server.packs.resources.ResourceProvider.openAsReader(ResourceProvider.java:26)
	at net.minecraft.client.PeriodicNotificationManager.prepare(PeriodicNotificationManager.java:65)
	at net.minecraft.client.PeriodicNotificationManager.prepare(PeriodicNotificationManager.java:34)
	at net.minecraft.server.packs.resources.SimplePreparableReloadListener.lambda$reload$0(SimplePreparableReloadListener.java:14)
	at java.base/java.util.concurrent.CompletableFuture$AsyncSupply.run(CompletableFuture.java:1768)
	at net.minecraft.server.packs.resources.SimpleReloadInstance.lambda$prepareTasks$0(SimpleReloadInstance.java:64)
	at java.base/java.util.concurrent.ForkJoinTask$RunnableExecuteAction.exec(ForkJoinTask.java:1423)
	at java.base/java.util.concurrent.ForkJoinTask.doExec(ForkJoinTask.java:387)
	at java.base/java.util.concurrent.ForkJoinPool$WorkQueue.topLevelExec(ForkJoinPool.java:1310)
	at java.base/java.util.concurrent.ForkJoinPool.scan(ForkJoinPool.java:1841)
	at java.base/java.util.concurrent.ForkJoinPool.runWorker(ForkJoinPool.java:1806)
	at java.base/java.util.concurrent.ForkJoinWorkerThread.run(ForkJoinWorkerThread.java:188)
[23:44:53] [Render thread/INFO]: [STDOUT]:         
 █████╗ ██████╗  ██████╗ ██████╗ ██╗ █████╗     ██████╗ ██████╗
██╔══██╗██╔══██╗██╔═══██╗██╔══██╗██║██╔══██╗   ██╔════╝██╔════╝
███████║██████╔╝██║   ██║██████╔╝██║███████║   ██║     ██║     
██╔══██║██╔═══╝ ██║   ██║██╔══██╗██║██╔══██║   ██║     ██║     
██║  ██║██║     ╚██████╔╝██║  ██║██║██║  ██║██╗╚██████╗╚██████╗
╚═╝  ╚═╝╚═╝      ╚═════╝ ╚═╝  ╚═╝╚═╝╚═╝  ╚═╝╚═╝ ╚═════╝ ╚═════╝
        
[23:44:53] [Render thread/INFO]: [STDOUT]: [32m[23:44:53] [INFO][0m Initializing file system with OsManager...
[23:44:53] [Render thread/INFO]: [STDOUT]: [32m[23:44:53] [INFO][0m Platform: Windows 10.0
[23:44:53] [Render thread/INFO]: [STDOUT]: [36m[23:44:53] [DEBUG][0m ✓ Created directory: C:\Users\kotay\.apr
[23:44:53] [Render thread/INFO]: [STDOUT]: [36m[23:44:53] [DEBUG][0m ✓ Created directory: C:\Users\kotay\AppData\Roaming\Aporia.cc
[23:44:53] [Render thread/INFO]: [STDOUT]: [36m[23:44:53] [DEBUG][0m ✓ Created directory: C:\Users\kotay\AppData\Local\Aporia
[23:44:53] [Render thread/INFO]: [STDOUT]: [36m[23:44:53] [DEBUG][0m ✓ Created directory: C:\Users\kotay\AppData\Local\Aporia\logs
[23:44:53] [Render thread/INFO]: [STDOUT]: [36m[23:44:53] [DEBUG][0m ✓ Created directory: C:\Users\kotay\AppData\Roaming\Aporia.cc\temp
[23:44:53] [Render thread/INFO]: [STDOUT]: [36m[23:44:53] [DEBUG][0m ✓ Created directory: C:\Users\kotay\.apr\backup
[23:44:53] [Render thread/INFO]: [STDOUT]: [36m[23:44:53] [DEBUG][0m ✓ Created directory: C:\Users\kotay\.apr\modules
[23:44:53] [Render thread/INFO]: [STDOUT]: [36m[23:44:53] [DEBUG][0m ✓ Created directory: C:\Users\kotay\.apr\themes
[23:44:53] [Render thread/INFO]: [STDOUT]: [36m[23:44:53] [DEBUG][0m ✓ Created directory: C:\Users\kotay\.apr\scripts
[23:44:53] [Render thread/INFO]: [STDOUT]: [36m[23:44:53] [DEBUG][0m ○ File exists: Config.apr
[23:44:53] [Render thread/INFO]: [STDOUT]: [36m[23:44:53] [DEBUG][0m ○ File exists: Friends.apr
[23:44:53] [Render thread/INFO]: [STDOUT]: [36m[23:44:53] [DEBUG][0m ○ File exists: Stats.json
[23:44:53] [Render thread/INFO]: [STDOUT]: [36m[23:44:53] [DEBUG][0m ○ File exists: Keybinds.json
[23:44:53] [Render thread/INFO]: [STDOUT]: [36m[23:44:53] [DEBUG][0m ○ File exists: HudConfig.json
[23:44:53] [Render thread/INFO]: [STDOUT]: [36m[23:44:53] [DEBUG][0m ○ File exists: ModulesConfig.apr
[23:44:53] [Render thread/INFO]: [STDOUT]: [36m[23:44:53] [DEBUG][0m ✓ Set hidden attribute for cache files
[23:44:53] [Render thread/INFO]: [STDOUT]: [32m[23:44:53] [INFO][0m ✓ File system initialized successfully
[23:44:53] [Render thread/INFO]: [STDOUT]: [32m[23:44:53] [INFO][0m   Main directory: C:\Users\kotay\.apr
[23:44:53] [Render thread/INFO]: [STDOUT]: [32m[23:44:53] [INFO][0m   Cache directory: C:\Users\kotay\AppData\Roaming\Aporia.cc
[23:44:53] [Render thread/INFO]: [STDOUT]: [32m[23:44:53] [INFO][0m   Data directory: C:\Users\kotay\AppData\Local\Aporia
[23:44:53] [Render thread/INFO]: [STDOUT]: [32m[23:44:53] [INFO][0m   Logs directory: C:\Users\kotay\AppData\Local\Aporia\logs
[23:44:53] [Render thread/INFO]: [STDOUT]: [32m[23:44:53] [INFO][0m 
╔═══════════════════════════════════════════════════════════╗
║                                                           ║
║    █████╗ ██╗      █████╗  ██████╗██████╗ ██╗████████╗    ║
║   ██╔══██╗██║     ██╔══██╗██╔════╝██╔══██╗██║╚══██╔══╝    ║
║   ███████║██║     ███████║██║     ██████╔╝██║   ██║       ║
║   ██╔══██║██║     ██╔══██║██║     ██╔══██╗██║   ██║       ║
║   ██║  ██║███████╗██║  ██║╚██████╗██║  ██║██║   ██║       ║
║   ╚═╝  ╚═╝╚══════╝╚═╝  ╚═╝ ╚═════╝╚═╝  ╚═╝╚═╝   ╚═╝       ║
║                                                           ║
║                   . C C                                   ║
║                                                           ║
║              O S   M A N A G E R                          ║
║                                                           ║
╚═══════════════════════════════════════════════════════════╝

[23:44:53] [Render thread/INFO]: [STDOUT]: [32m[23:44:53] [INFO][0m OsManager initialized
[23:44:53] [Render thread/INFO]: [STDOUT]: [32m[23:44:53] [INFO][0m Platform: Windows 10.0
[23:44:53] [Render thread/INFO]: [STDOUT]: [32m[23:44:53] [INFO][0m Architecture: amd64
[23:44:53] [Render thread/INFO]: [STDOUT]: [32m[23:44:53] [INFO][0m User: kotay
[23:44:53] [Render thread/INFO]: [STDOUT]: [32m[23:44:53] [INFO][0m ================================================
[23:44:53] [Download-2/INFO]: Could not authorize you against Realms server: java.lang.RuntimeException: Failed to parse into SignedJWT: 0
[23:44:53] [Download-2/ERROR]: Failed to fetch Realms feature flags
com.mojang.realmsclient.exception.RealmsServiceException: Realms authentication error with message 'java.lang.RuntimeException: Failed to parse into SignedJWT: 0'
	at com.mojang.realmsclient.client.RealmsClient.execute(RealmsClient.java:515)
	at com.mojang.realmsclient.client.RealmsClient.fetchFeatureFlags(RealmsClient.java:160)
	at java.base/java.util.concurrent.CompletableFuture$AsyncSupply.run(CompletableFuture.java:1768)
	at java.base/java.util.concurrent.ThreadPoolExecutor.runWorker(ThreadPoolExecutor.java:1144)
	at java.base/java.util.concurrent.ThreadPoolExecutor$Worker.run(ThreadPoolExecutor.java:642)
	at java.base/java.lang.Thread.run(Thread.java:1583)
[23:44:53] [Render thread/INFO]: [STDERR]: [BLUR] Failed to initialize programs:
[23:44:53] [Render thread/INFO]: [STDERR]: java.lang.NullPointerException: Cannot invoke "String.isEmpty()" because "str" is null
[23:44:53] [Render thread/INFO]: [STDERR]: 	at java.base/java.lang.String.concat(String.java:2885)
[23:44:53] [Render thread/INFO]: [STDERR]: 	at com.ferra13671.cometrenderer.exceptions.impl.LoadGlslContentException.<init>(LoadGlslContentException.java:13)
[23:44:53] [Render thread/INFO]: [STDERR]: 	at com.ferra13671.cometrenderer.CometLoader.getContent(CometLoader.java:26)
[23:44:53] [Render thread/INFO]: [STDERR]: 	at com.ferra13671.cometrenderer.CometLoader.createGlslFileEntry(CometLoader.java:18)
[23:44:53] [Render thread/INFO]: [STDERR]: 	at main.kotlin.ru.render.BlurShader.initProgram(BlurShader.java:35)
[23:44:53] [Render thread/INFO]: [STDERR]: 	at main.kotlin.ru.render.BlurShader.<init>(BlurShader.java:25)
[23:44:53] [Render thread/INFO]: [STDERR]: 	at main.kotlin.ru.Aporia.initRenderingSystems(Aporia.java:59)
[23:44:53] [Render thread/INFO]: [STDERR]: 	at main.kotlin.ru.Aporia.onInit(Aporia.java:45)
[23:44:53] [Render thread/INFO]: [STDERR]: 	at net.minecraft.client.Minecraft.run(Minecraft.java:870)
[23:44:53] [Render thread/INFO]: [STDERR]: 	at net.minecraft.client.main.Main.main(Main.java:223)
[23:44:53] [Render thread/INFO]: [STDERR]: [BLUR] Failed to initialize programs:
[23:44:53] [Render thread/INFO]: [STDERR]: java.lang.NullPointerException: Cannot invoke "String.isEmpty()" because "str" is null
[23:44:53] [Render thread/INFO]: [STDERR]: 	at java.base/java.lang.String.concat(String.java:2885)
[23:44:53] [Render thread/INFO]: [STDERR]: 	at com.ferra13671.cometrenderer.exceptions.impl.LoadGlslContentException.<init>(LoadGlslContentException.java:13)
[23:44:53] [Render thread/INFO]: [STDERR]: 	at com.ferra13671.cometrenderer.CometLoader.getContent(CometLoader.java:26)
[23:44:53] [Render thread/INFO]: [STDERR]: 	at com.ferra13671.cometrenderer.CometLoader.createGlslFileEntry(CometLoader.java:18)
[23:44:53] [Render thread/INFO]: [STDERR]: 	at main.kotlin.ru.render.BlurShader.initProgram(BlurShader.java:35)
[23:44:53] [Render thread/INFO]: [STDERR]: 	at main.kotlin.ru.render.BlurShader.<init>(BlurShader.java:25)
[23:44:53] [Render thread/INFO]: [STDERR]: 	at main.kotlin.ru.render.RectangularShader.<init>(RectangularShader.java:38)
[23:44:53] [Render thread/INFO]: [STDERR]: 	at main.kotlin.ru.render.RectRenderer.init(RectRenderer.java:13)
[23:44:53] [Render thread/INFO]: [STDERR]: 	at main.kotlin.ru.Aporia.initRenderingSystems(Aporia.java:60)
[23:44:53] [Render thread/INFO]: [STDERR]: 	at main.kotlin.ru.Aporia.onInit(Aporia.java:45)
[23:44:53] [Render thread/INFO]: [STDERR]: 	at net.minecraft.client.Minecraft.run(Minecraft.java:870)
[23:44:53] [Render thread/INFO]: [STDERR]: 	at net.minecraft.client.main.Main.main(Main.java:223)
[23:44:53] [Render thread/ERROR]: Unreported exception thrown!
java.util.concurrent.CompletionException: java.lang.IllegalStateException: Failed to load grass color texture
	at java.base/java.util.concurrent.CompletableFuture.encodeThrowable(CompletableFuture.java:315)
	at java.base/java.util.concurrent.CompletableFuture.completeThrowable(CompletableFuture.java:320)
	at java.base/java.util.concurrent.CompletableFuture$AsyncSupply.run(CompletableFuture.java:1770)
	at net.minecraft.server.packs.resources.SimpleReloadInstance.lambda$prepareTasks$0(SimpleReloadInstance.java:64)
	at java.base/java.util.concurrent.ForkJoinTask$RunnableExecuteAction.exec(ForkJoinTask.java:1423)
	at java.base/java.util.concurrent.ForkJoinTask.doExec(ForkJoinTask.java:387)
	at java.base/java.util.concurrent.ForkJoinPool$WorkQueue.topLevelExec(ForkJoinPool.java:1310)
	at java.base/java.util.concurrent.ForkJoinPool.scan(ForkJoinPool.java:1841)
	at java.base/java.util.concurrent.ForkJoinPool.runWorker(ForkJoinPool.java:1806)
	at java.base/java.util.concurrent.ForkJoinWorkerThread.run(ForkJoinWorkerThread.java:188)
Caused by: java.lang.IllegalStateException: Failed to load grass color texture
	at net.minecraft.client.resources.GrassColorReloadListener.prepare(GrassColorReloadListener.java:20)
	at net.minecraft.client.resources.GrassColorReloadListener.prepare(GrassColorReloadListener.java:12)
	at net.minecraft.server.packs.resources.SimplePreparableReloadListener.lambda$reload$0(SimplePreparableReloadListener.java:14)
	at java.base/java.util.concurrent.CompletableFuture$AsyncSupply.run(CompletableFuture.java:1768)
	... 7 more
Caused by: java.io.FileNotFoundException: minecraft:textures/colormap/grass.png
	at net.minecraft.server.packs.resources.ResourceProvider.lambda$getResourceOrThrow$1(ResourceProvider.java:18)
	at java.base/java.util.Optional.orElseThrow(Optional.java:403)
	at net.minecraft.server.packs.resources.ResourceProvider.getResourceOrThrow(ResourceProvider.java:18)
	at net.minecraft.server.packs.resources.ResourceProvider.open(ResourceProvider.java:22)
	at net.minecraft.client.resources.LegacyStuffWrapper.getPixels(LegacyStuffWrapper.java:17)
	at net.minecraft.client.resources.GrassColorReloadListener.prepare(GrassColorReloadListener.java:18)
	... 10 more
[23:44:54] [Render thread/INFO]: [STDERR]: java.lang.RuntimeException: Failed to load MSDF font: assets/aporia/fonts/Inter_Medium.json
[23:44:54] [Render thread/INFO]: [STDERR]: 	at main.kotlin.ru.render.MsdfFont.<init>(MsdfFont.java:113)
[23:44:54] [Render thread/INFO]: [STDERR]: 	at main.kotlin.ru.module.impl.visuals.Interface.<init>(Interface.kt:34)
[23:44:54] [Render thread/INFO]: [STDERR]: 	at main.kotlin.ru.module.ModuleManager.registerModules(ModuleManager.java:97)
[23:44:54] [Render thread/INFO]: [STDERR]: 	at main.kotlin.ru.module.ModuleManager.<init>(ModuleManager.java:25)
[23:44:54] [Render thread/INFO]: [STDERR]: 	at main.kotlin.ru.module.ModuleManager.getInstance(ModuleManager.java:111)
[23:44:54] [Render thread/INFO]: [STDERR]: 	at main.kotlin.ru.Aporia.render(Aporia.java:111)
[23:44:54] [Render thread/INFO]: [STDERR]: 	at net.minecraft.client.renderer.GameRenderer.render(GameRenderer.java:520)
[23:44:54] [Render thread/INFO]: [STDERR]: 	at net.minecraft.client.Minecraft.runTick(Minecraft.java:1294)
[23:44:54] [Render thread/INFO]: [STDERR]: 	at net.minecraft.client.Minecraft.setScreenAndShow(Minecraft.java:2203)
[23:44:54] [Render thread/INFO]: [STDERR]: 	at net.minecraft.client.Minecraft.disconnect(Minecraft.java:2159)
[23:44:54] [Render thread/INFO]: [STDERR]: 	at net.minecraft.client.Minecraft.disconnect(Minecraft.java:2117)
[23:44:54] [Render thread/INFO]: [STDERR]: 	at net.minecraft.client.Minecraft.disconnectWithSavingScreen(Minecraft.java:2105)
[23:44:54] [Render thread/INFO]: [STDERR]: 	at net.minecraft.client.Minecraft.emergencySave(Minecraft.java:1435)
[23:44:54] [Render thread/INFO]: [STDERR]: 	at net.minecraft.client.Minecraft.emergencySaveAndCrash(Minecraft.java:952)
[23:44:54] [Render thread/INFO]: [STDERR]: 	at net.minecraft.client.Minecraft.run(Minecraft.java:910)
[23:44:54] [Render thread/INFO]: [STDERR]: 	at net.minecraft.client.main.Main.main(Main.java:223)
[23:44:54] [Render thread/INFO]: [STDERR]: Caused by: java.lang.RuntimeException: Resource not found: assets/aporia/fonts/Inter_Medium.json
[23:44:54] [Render thread/INFO]: [STDERR]: 	at main.kotlin.ru.render.MsdfFont.readJsonFile(MsdfFont.java:120)
[23:44:54] [Render thread/INFO]: [STDERR]: 	at main.kotlin.ru.render.MsdfFont.<init>(MsdfFont.java:33)
[23:44:54] [Render thread/INFO]: [STDERR]: 	... 15 more
[23:44:54] [Render thread/ERROR]: Couldn't compile pipeline minecraft:pipeline/mojang_logo: vertex shader minecraft:core/position_tex_color was invalid
[23:44:54] [Thread-3/INFO]: [STDOUT]: [32m[23:44:54] [INFO][0m Cleaning up file system...
